<?xml version="1.0" encoding="UTF-8"?>
<TestRun id="af06d77f-3a78-4f6a-a616-ba89a4eb3445" name="testpc 2015-07-07 06:02:09" runUser="tester" xmlns="http://microsoft.com/schemas/VisualStudio/TeamTest/2010">
  <Times creation="2015-07-07T06:02:09.8275123+00:00" queuing="2015-07-07T06:02:09.8025123+00:00" start="2015-07-07T06:02:09.8325123+00:00" finish="2015-07-07T06:02:09.8735123+00:00" />
  <TestSettings name="default" id="0018129a-3510-510e-bd9c-651f434a45f5">
    <Execution>
      <TestTypeSpecific />
    </Execution>
    <Deployment runDeploymentRoot="testpc 2015-07-07 06_02_09" />
    <Properties />
  </TestSettings>
  <Results>
    <UnitTestResult executionId="51fe5cb7-133c-4204-af11-e6a7111515bb" testId="6af359ab-f4a8-ee21-63c7-e6ce61a7d11a" testName="SomeTestName" computerName="test2" duration="00:01:21.0029969" startTime="2015-07-07T06:26:43.7392515+00:00" endTime="2015-07-07T06:02:09.4665123+00:00" testType="13cdf4d9-5ab5-4fa4-a97d-d965ccfa1a4b" outcome="Passed" testListId="5f14fa94-04c1-424b-9868-11a2d5151a1d" relativeResultsDirectory="51fe5cb7-133c-4204-af11-e6a7111515bb">
      <Output>
        <StdOut>Some Output</StdOut>
      </Output>
    </UnitTestResult>
  </Results>
  <TestDefinitions>
    <UnitTest name="SomeTestName" storage="c:\directory\testassembly.dll" id="6af359ab-f4a8-ee21-63c7-e6ce61a7d11a">
      <Execution id="51fe5cb7-133c-4204-af11-e6a7111515bb" />
      <TestMethod codeBase="c:\directory\testassembly.dll" adapterTypeName="Microsoft.VisualStudio.TestTools.TestTypes.Unit.UnitTestAdapter" className="namespace.class" name="SomeTestName" />
    </UnitTest>
  </TestDefinitions>
  <TestEntries>
    <TestEntry testId="6af359ab-f4a8-ee21-63c7-e6ce61a7d11a" executionId="51fe5cb7-133c-4204-af11-e6a7111515bb" testListId="5f14fa94-04c1-424b-9868-11a2d5151a1d" />
  </TestEntries>
  <TestLists>
    <TestList name="Results Not in a List" id="5f14fa94-04c1-424b-9868-11a2d5151a1d" />
    <TestList name="All Loaded Results" id="19451567-8539-422a-85d7-44ee4e166bda" />
  </TestLists>
  <ResultSummary outcome="Completed">
    <Counters total="1" executed="1" passed="1" failed="0" error="0" timeout="0" aborted="0" inconclusive="0" passedButRunAborted="0" notRunnable="0" notExecuted="0" disconnected="0" warning="0" completed="0" inProgress="0" pending="0" />
  </ResultSummary>
</TestRun>