<?xml version="1.0" encoding="UTF-8"?>
<TestRun id="11287abc-2f8b-4e19-2fca-215bcabc1510" name="testpc 2015-07-07 09:51:33" runUser="tester" xmlns="http://microsoft.com/schemas/VisualStudio/TeamTest/2010">
  <Times creation="2015-07-07T09:51:33.1156263+00:00" queuing="2015-07-07T09:51:33.1156263+00:00" start="2015-07-07T09:51:19.6072279+00:00" finish="2015-07-07T09:51:56.0156263+00:00" />
  <TestSettings name="default" id="1338ab99-a95a-49db-81c0-872c232212a1">
    <Execution>
      <TestTypeSpecific />
    </Execution>
    <Deployment runDeploymentRoot="testpc 2015-07-07 09_51_33" />
    <Properties />
  </TestSettings>
  <Results>
    <UnitTestResult executionId="a1f01223-13a8-4e41-9f53-925f1f145af8" testId="6af359ab-f4a8-ee21-63c7-e6ce61a7d11a" testName="SomeTestName" computerName="test1" duration="00:00:34.5094602" startTime="2015-07-07T09:51:19.6072279+00:00" endTime="2015-07-07T09:51:54.8686263+00:00" testType="13cdf4d9-5ab5-4fa4-a97d-d965ccfa1a4b" outcome="Failed" testListId="5f14fa94-04c1-424b-9868-11a2d5151a1d" relativeResultsDirectory="a1f01223-13a8-4e41-9f53-925f1f145af8">
      <Output>
        <StdOut>Some Output</StdOut>
        <ErrorInfo>
          <Message>Some Message</Message>
          <StackTrace>Some Error
</StackTrace>
        </ErrorInfo>
      </Output>
    </UnitTestResult>
  </Results>
  <TestDefinitions>
    <UnitTest name="SomeTestName" storage="c:\directory\testassembly.dll" id="6af359ab-f4a8-ee21-63c7-e6ce61a7d11a">
      <TestCategory>
        <TestCategoryItem TestCategory="cat1" />
        <TestCategoryItem TestCategory="cat2" />
        <TestCategoryItem TestCategory="cat3" />
        <TestCategoryItem TestCategory="cat4" />
      </TestCategory>
      <Execution id="a1f01223-13a8-4e41-9f53-925f1f145af8" />
      <TestMethod codeBase="c:\directory\testassembly.dll" adapterTypeName="Microsoft.VisualStudio.TestTools.TestTypes.Unit.UnitTestAdapter" className="namespace.class" name="SomeTestName" />
    </UnitTest>
  </TestDefinitions>
  <TestEntries>
    <TestEntry testId="6af359ab-f4a8-ee21-63c7-e6ce61a7d11a" executionId="a1f01223-13a8-4e41-9f53-925f1f145af8" testListId="5f14fa94-04c1-424b-9868-11a2d5151a1d" />
  </TestEntries>
  <TestLists>
    <TestList name="Results Not in a List" id="5f14fa94-04c1-424b-9868-11a2d5151a1d" />
    <TestList name="All Loaded Results" id="19451567-8539-422a-85d7-44ee4e166bda" />
  </TestLists>
  <ResultSummary outcome="Failed">
    <Counters total="1" executed="1" passed="0" failed="1" error="0" timeout="0" aborted="0" inconclusive="0" passedButRunAborted="0" notRunnable="0" notExecuted="0" disconnected="0" warning="0" completed="0" inProgress="0" pending="0" />
  </ResultSummary>
</TestRun>